<?xml version="1.0" encoding="UTF-8"?>
<!-- Generated by org.testng.reporters.JUnitXMLReporter -->
<testsuite ignored="0" hostname="Chriss-MacBook-Pro.local" failures="1" tests="5" name="Chase HomePage Test chrome " time="24.403" errors="0" timestamp="2020-05-20T12:19:00 EDT">
  <testcase classname="com.qa.tests.HomePageTest" name="verifyHomePageLogoTest" time="0.153"/>
  <testcase classname="com.qa.tests.HomePageTest" name="validateHomePageTitleTest" time="0.015">
    <failure type="java.lang.AssertionError" message="Title does not match expected result expected [Credit Car, Mortgage, Banking, Auto | Chase Online | Chase.com] but found [Credit Card, Mortgage, Banking, Auto | Chase Online | Chase.com]">
      <![CDATA[java.lang.AssertionError: Title does not match expected result expected [Credit Car, Mortgage, Banking, Auto | Chase Online | Chase.com] but found [Credit Card, Mortgage, Banking, Auto | Chase Online | Chase.com]
at com.qa.tests.HomePageTest.validateHomePageTitleTest(HomePageTest.java:47)
at java.base/java.util.ArrayList.forEach(ArrayList.java:1540)
... Removed 31 stack frames]]>
    </failure>
  </testcase> <!-- validateHomePageTitleTest -->
  <testcase classname="com.qa.tests.HomePageTest" name="validateAtmBranchTabTest" time="2.812"/>
  <testcase classname="com.qa.tests.HomePageTest" name="verifySearchTest" time="1.371"/>
  <testcase classname="com.qa.tests.HomePageTest" name="verifyEspanolTabTest" time="1.049"/>
</testsuite> <!-- Chase HomePage Test chrome  -->
